Arguments: 
  /opt/homebrew/Cellar/node@16/16.13.1/libexec/node /Users/jeskson/.yarn/bin/yarn.js install

PATH: 
  /opt/homebrew/opt/python@3.10/bin:/opt/homebrew/Cellar/node@16/16.13.1/bin:/opt/homebrew/opt/node@16/bin:/Users/jeskson/.docker/bin:/Users/jeskson/Downloads/flutter/bin:/Users/jeskson/.docker/bin:/Users/jeskson/.yarn/bin:/Users/jeskson/.config/yarn/global/node_modules/.bin:/opt/homebrew/bin:/opt/homebrew/sbin:/usr/local/bin:/usr/bin:/bin:/usr/sbin:/sbin:/Library/Apple/usr/bin:/Users/jeskson/npm-global/bin:/path/to/maven/bin:/tools:/platform-tools:/usr/local/mysql/bin:/Users/jeskson/Downloads/flutter/bin:/Users/jeskson/Library/Android/sdk/tools:/Users/jeskson/Library/Android/sdk/platform-tools

Yarn version: 
  1.22.17

Node version: 
  16.13.1

Platform: 
  darwin arm64

Trace: 
  Error: certificate has expired
      at TLSSocket.onConnectSecure (node:_tls_wrap:1530:34)
      at TLSSocket.emit (node:events:390:28)
      at TLSSocket._finishInit (node:_tls_wrap:944:8)
      at TLSWrap.ssl.onhandshakedone (node:_tls_wrap:725:12)

npm manifest: 
  {
    "devDependencies": {
      "@femm/prettier": "^1.1.0",
      "@femm/tailwind-config": "^1.0.0",
      "@femm/verify-commit": "^1.0.1",
      "@giscus/vue": "^3.0.0",
      "@types/node": "^18.18.6",
      "autoprefixer": "^10.4.17",
      "cross-env": "^7.0.3",
      "husky": "^8.0.3",
      "lint-staged": "^13.3.0",
      "postcss": "^8.4.33",
      "prettier": "^2.8.8",
      "@mdit-vue/shared": "^2.1.2",
      "less": "^4.2.0",
      "medium-zoom": "^1.1.0",
      "sass": "^1.75.0",
      "tailwindcss": "^3.4.1",
      "vitepress": "1.1.3",
      "vite-plugin-markdown-preview": "^1.1.1",
      "vitepress-markdown-timeline": "^1.2.1",
      "vitepress-plugin-comment-with-giscus": "^1.1.12",
      "vue": "^3.4.25"
    },
    "scripts": {
      "docs:dev": "vitepress dev docs",
      "docs:build": "vitepress build docs",
      "docs:preview": "vitepress preview docs"
    },
    "pnpm": {
      "patchedDependencies": {
        "vite-plugin-markdown-preview@1.1.1": "patches/vite-plugin-markdown-preview@1.1.1.patch"
      }
    }
  }

yarn manifest: 
  No manifest

Lockfile: 
  No lockfile
